[2024-08-27 16:06:53] [INFO ] Song ID: 78, Artist: Shep and the Limelites, Title: Daddy's Home, Match: plagdet/data/midi_databases/lakh_clean\Shep_and_The_Limelites\Daddys_Home.mid
[2024-08-27 16:06:53] [INFO ] Copied plagdet/data/midi_databases/lakh_clean\Shep_and_The_Limelites\Daddys_Home.mid to plagdet/data/copyright_midis\78\lakh_clean_Shep_and_the_Limelites_Daddys_Home_1.mid
[2024-08-27 16:06:54] [INFO ] Song ID: 84, Artist: The Supremes, Title: Baby Love, Match: plagdet/data/midi_databases/lakh_clean\The_Supremes\Baby_Love.mid
[2024-08-27 16:06:54] [INFO ] Copied plagdet/data/midi_databases/lakh_clean\The_Supremes\Baby_Love.mid to plagdet/data/copyright_midis\84\lakh_clean_The_Supremes_Baby_Love_1.mid
[2024-08-27 16:06:55] [INFO ] Song ID: 92, Artist: George Harrison, Title: My Sweet Lord, Match: plagdet/data/midi_databases/lakh_clean\George_Harrison\My_Sweet_Lord.mid
[2024-08-27 16:06:55] [INFO ] Copied plagdet/data/midi_databases/lakh_clean\George_Harrison\My_Sweet_Lord.mid to plagdet/data/copyright_midis\92\lakh_clean_George_Harrison_My_Sweet_Lord_1.mid
[2024-08-27 16:06:57] [INFO ] Song ID: 111, Artist: Bee Gees, Title: How Deep Is Your Love, Match: plagdet/data/midi_databases/lakh_clean\Bee_Gees\How_Deep_Is_Your_Love.mid
[2024-08-27 16:06:57] [INFO ] Copied plagdet/data/midi_databases/lakh_clean\Bee_Gees\How_Deep_Is_Your_Love.mid to plagdet/data/copyright_midis\111\lakh_clean_Bee_Gees_How_Deep_Is_Your_Love_1.mid
[2024-08-27 16:06:58] [INFO ] Song ID: 117, Artist: Led Zeppelin, Title: Whole Lotta Love, Match: plagdet/data/midi_databases/lakh_clean\Led_Zeppelin\Whole_Lotta_Love.1.mid
[2024-08-27 16:06:58] [INFO ] Copied plagdet/data/midi_databases/lakh_clean\Led_Zeppelin\Whole_Lotta_Love.1.mid to plagdet/data/copyright_midis\117\lakh_clean_Led_Zeppelin_Whole_Lotta_Love_1.mid
[2024-08-27 16:06:58] [INFO ] Song ID: 117, Artist: Led Zeppelin, Title: Whole Lotta Love, Match: plagdet/data/midi_databases/lakh_clean\Led_Zeppelin\Whole_Lotta_Love.2.mid
[2024-08-27 16:06:58] [INFO ] Copied plagdet/data/midi_databases/lakh_clean\Led_Zeppelin\Whole_Lotta_Love.2.mid to plagdet/data/copyright_midis\117\lakh_clean_Led_Zeppelin_Whole_Lotta_Love_2.mid
[2024-08-27 16:06:58] [INFO ] Song ID: 117, Artist: Led Zeppelin, Title: Whole Lotta Love, Match: plagdet/data/midi_databases/lakh_clean\Led_Zeppelin\Whole_Lotta_Love.3.mid
[2024-08-27 16:06:58] [INFO ] Copied plagdet/data/midi_databases/lakh_clean\Led_Zeppelin\Whole_Lotta_Love.3.mid to plagdet/data/copyright_midis\117\lakh_clean_Led_Zeppelin_Whole_Lotta_Love_3.mid
[2024-08-27 16:06:58] [INFO ] Song ID: 117, Artist: Led Zeppelin, Title: Whole Lotta Love, Match: plagdet/data/midi_databases/lakh_clean\Led_Zeppelin\Whole_Lotta_Love.mid
[2024-08-27 16:06:58] [INFO ] Copied plagdet/data/midi_databases/lakh_clean\Led_Zeppelin\Whole_Lotta_Love.mid to plagdet/data/copyright_midis\117\lakh_clean_Led_Zeppelin_Whole_Lotta_Love_4.mid
[2024-08-27 16:07:02] [INFO ] Song ID: 144, Artist: Vanilla Ice, Title: Ice Ice Baby, Match: plagdet/data/midi_databases/lakh_clean\Vanilla_Ice\Ice_Ice_Baby.mid
[2024-08-27 16:07:02] [INFO ] Copied plagdet/data/midi_databases/lakh_clean\Vanilla_Ice\Ice_Ice_Baby.mid to plagdet/data/copyright_midis\144\lakh_clean_Vanilla_Ice_Ice_Ice_Baby_1.mid
[2024-08-27 16:07:04] [INFO ] Song ID: 157, Artist: Enigma, Title: Sadeness I, Match: plagdet/data/midi_databases/lakh_clean\Enigma\Sadness.mid
[2024-08-27 16:07:04] [INFO ] Copied plagdet/data/midi_databases/lakh_clean\Enigma\Sadness.mid to plagdet/data/copyright_midis\157\lakh_clean_Enigma_Sadeness_I_1.mid
[2024-08-27 16:07:06] [INFO ] Song ID: 179, Artist: ZZ Top, Title: La Grange, Match: plagdet/data/midi_databases/lakh_clean\ZZ_Top\La_Grange.mid
[2024-08-27 16:07:06] [INFO ] Copied plagdet/data/midi_databases/lakh_clean\ZZ_Top\La_Grange.mid to plagdet/data/copyright_midis\179\lakh_clean_ZZ_Top_La_Grange_1.mid
[2024-08-27 16:07:07] [INFO ] Song ID: 185, Artist: Michael Jackson, Title: The Girl is Mine, Match: plagdet/data/midi_databases/lakh_clean\Michael_Jackson\The_Girl_Is_Mine.mid
[2024-08-27 16:07:07] [INFO ] Copied plagdet/data/midi_databases/lakh_clean\Michael_Jackson\The_Girl_Is_Mine.mid to plagdet/data/copyright_midis\185\lakh_clean_Michael_Jackson_The_Girl_is_Mine_1.mid
[2024-08-27 16:07:10] [INFO ] Song ID: 205, Artist: Filter, Title: Take A Picture, Match: plagdet/data/midi_databases/lakh_clean\Filter\Take_a_Picture.mid
[2024-08-27 16:07:10] [INFO ] Copied plagdet/data/midi_databases/lakh_clean\Filter\Take_a_Picture.mid to plagdet/data/copyright_midis\205\lakh_clean_Filter_Take_A_Picture_1.mid
[2024-08-27 16:07:13] [INFO ] Song ID: 234, Artist: Nik Kershaw, Title: Wouldn't It Be Good, Match: plagdet/data/midi_databases/lakh_clean\Nik_Kershaw\Wouldnt_It_Be_Good.mid
[2024-08-27 16:07:13] [INFO ] Copied plagdet/data/midi_databases/lakh_clean\Nik_Kershaw\Wouldnt_It_Be_Good.mid to plagdet/data/copyright_midis\234\lakh_clean_Nik_Kershaw_Wouldnt_It_Be_Good_1.mid
[2024-08-27 16:07:14] [INFO ] Song ID: 240, Artist: Mariah Carey, Title: Thank God I Found You, Match: plagdet/data/midi_databases/lakh_clean\Mariah_Carey\Thank_God_I_Found_You.mid
[2024-08-27 16:07:14] [INFO ] Copied plagdet/data/midi_databases/lakh_clean\Mariah_Carey\Thank_God_I_Found_You.mid to plagdet/data/copyright_midis\240\lakh_clean_Mariah_Carey_Thank_God_I_Found_You_1.mid
[2024-08-27 16:07:15] [INFO ] Song ID: 250, Artist: Madonna, Title: Nothing Really Matters, Match: plagdet/data/midi_databases/lakh_clean\Madonna\Nothing_Really_Matters.1.mid
[2024-08-27 16:07:15] [INFO ] Copied plagdet/data/midi_databases/lakh_clean\Madonna\Nothing_Really_Matters.1.mid to plagdet/data/copyright_midis\250\lakh_clean_Madonna_Nothing_Really_Matters_1.mid
[2024-08-27 16:07:15] [INFO ] Song ID: 250, Artist: Madonna, Title: Nothing Really Matters, Match: plagdet/data/midi_databases/lakh_clean\Madonna\Nothing_Really_Matters.2.mid
[2024-08-27 16:07:15] [INFO ] Copied plagdet/data/midi_databases/lakh_clean\Madonna\Nothing_Really_Matters.2.mid to plagdet/data/copyright_midis\250\lakh_clean_Madonna_Nothing_Really_Matters_2.mid
[2024-08-27 16:07:15] [INFO ] Song ID: 250, Artist: Madonna, Title: Nothing Really Matters, Match: plagdet/data/midi_databases/lakh_clean\Madonna\Nothing_Really_Matters.3.mid
[2024-08-27 16:07:15] [INFO ] Copied plagdet/data/midi_databases/lakh_clean\Madonna\Nothing_Really_Matters.3.mid to plagdet/data/copyright_midis\250\lakh_clean_Madonna_Nothing_Really_Matters_3.mid
[2024-08-27 16:07:15] [INFO ] Song ID: 250, Artist: Madonna, Title: Nothing Really Matters, Match: plagdet/data/midi_databases/lakh_clean\Madonna\Nothing_Really_Matters.mid
[2024-08-27 16:07:15] [INFO ] Copied plagdet/data/midi_databases/lakh_clean\Madonna\Nothing_Really_Matters.mid to plagdet/data/copyright_midis\250\lakh_clean_Madonna_Nothing_Really_Matters_4.mid
[2024-08-27 16:07:18] [INFO ] Song ID: 281, Artist: TLC, Title: Unpretty, Match: plagdet/data/midi_databases/lakh_clean\TLC\Unpretty.mid
[2024-08-27 16:07:18] [INFO ] Copied plagdet/data/midi_databases/lakh_clean\TLC\Unpretty.mid to plagdet/data/copyright_midis\281\lakh_clean_TLC_Unpretty_1.mid
[2024-08-27 16:07:19] [INFO ] Song ID: 283, Artist: Gary Moore, Title: Still Got the Blues, Match: plagdet/data/midi_databases/lakh_clean\Gary_Moore\Still_Got_the_Blues.mid
[2024-08-27 16:07:19] [INFO ] Copied plagdet/data/midi_databases/lakh_clean\Gary_Moore\Still_Got_the_Blues.mid to plagdet/data/copyright_midis\283\lakh_clean_Gary_Moore_Still_Got_the_Blues_1.mid
[2024-08-27 16:07:21] [INFO ] Song ID: 300, Artist: Men At Work, Title: Down Under, Match: plagdet/data/midi_databases/lakh_clean\Men_at_Work\Down_Under.1.mid
[2024-08-27 16:07:21] [INFO ] Copied plagdet/data/midi_databases/lakh_clean\Men_at_Work\Down_Under.1.mid to plagdet/data/copyright_midis\300\lakh_clean_Men_At_Work_Down_Under_1.mid
[2024-08-27 16:07:21] [INFO ] Song ID: 300, Artist: Men At Work, Title: Down Under, Match: plagdet/data/midi_databases/lakh_clean\Men_at_Work\Down_Under.mid
[2024-08-27 16:07:21] [INFO ] Copied plagdet/data/midi_databases/lakh_clean\Men_at_Work\Down_Under.mid to plagdet/data/copyright_midis\300\lakh_clean_Men_At_Work_Down_Under_2.mid
[2024-08-27 16:07:25] [INFO ] Song ID: 336, Artist: Elton John, Title: Nikita, Match: plagdet/data/midi_databases/lakh_clean\Elton_John\Nikita.mid
[2024-08-27 16:07:25] [INFO ] Copied plagdet/data/midi_databases/lakh_clean\Elton_John\Nikita.mid to plagdet/data/copyright_midis\336\lakh_clean_Elton_John_Nikita_1.mid
[2024-08-27 16:07:31] [INFO ] Song ID: 383, Artist: Madonna, Title: Vogue, Match: plagdet/data/midi_databases/lakh_clean\Madonna\Vogue.1.mid
[2024-08-27 16:07:31] [INFO ] Copied plagdet/data/midi_databases/lakh_clean\Madonna\Vogue.1.mid to plagdet/data/copyright_midis\383\lakh_clean_Madonna_Vogue_1.mid
[2024-08-27 16:07:31] [INFO ] Song ID: 383, Artist: Madonna, Title: Vogue, Match: plagdet/data/midi_databases/lakh_clean\Madonna\Vogue.2.mid
[2024-08-27 16:07:31] [INFO ] Copied plagdet/data/midi_databases/lakh_clean\Madonna\Vogue.2.mid to plagdet/data/copyright_midis\383\lakh_clean_Madonna_Vogue_2.mid
[2024-08-27 16:07:31] [INFO ] Song ID: 383, Artist: Madonna, Title: Vogue, Match: plagdet/data/midi_databases/lakh_clean\Madonna\Vogue.3.mid
[2024-08-27 16:07:31] [INFO ] Copied plagdet/data/midi_databases/lakh_clean\Madonna\Vogue.3.mid to plagdet/data/copyright_midis\383\lakh_clean_Madonna_Vogue_3.mid
[2024-08-27 16:07:31] [INFO ] Song ID: 383, Artist: Madonna, Title: Vogue, Match: plagdet/data/midi_databases/lakh_clean\Madonna\Vogue.4.mid
[2024-08-27 16:07:31] [INFO ] Copied plagdet/data/midi_databases/lakh_clean\Madonna\Vogue.4.mid to plagdet/data/copyright_midis\383\lakh_clean_Madonna_Vogue_4.mid
[2024-08-27 16:07:31] [INFO ] Song ID: 383, Artist: Madonna, Title: Vogue, Match: plagdet/data/midi_databases/lakh_clean\Madonna\Vogue.5.mid
[2024-08-27 16:07:31] [INFO ] Copied plagdet/data/midi_databases/lakh_clean\Madonna\Vogue.5.mid to plagdet/data/copyright_midis\383\lakh_clean_Madonna_Vogue_5.mid
[2024-08-27 16:07:31] [INFO ] Song ID: 383, Artist: Madonna, Title: Vogue, Match: plagdet/data/midi_databases/lakh_clean\Madonna\Vogue.mid
[2024-08-27 16:07:31] [INFO ] Copied plagdet/data/midi_databases/lakh_clean\Madonna\Vogue.mid to plagdet/data/copyright_midis\383\lakh_clean_Madonna_Vogue_6.mid
[2024-08-27 16:07:37] [INFO ] Song ID: 439, Artist: U2, Title: The Fly, Match: plagdet/data/midi_databases/lakh_clean\U2\The_Fly.mid
[2024-08-27 16:07:37] [INFO ] Copied plagdet/data/midi_databases/lakh_clean\U2\The_Fly.mid to plagdet/data/copyright_midis\439\lakh_clean_U2_The_Fly_1.mid
[2024-08-27 16:07:42] [INFO ] Song ID: 475, Artist: The Rolling Stones, Title: The Last Time, Match: plagdet/data/midi_databases/lakh_clean\The_Rolling_Stones\The_Last_Time.mid
[2024-08-27 16:07:42] [INFO ] Copied plagdet/data/midi_databases/lakh_clean\The_Rolling_Stones\The_Last_Time.mid to plagdet/data/copyright_midis\475\lakh_clean_The_Rolling_Stones_The_Last_Time_1.mid
[2024-08-27 16:07:42] [INFO ] Song ID: 476, Artist: The Verve, Title: Bittersweet Symphony, Match: plagdet/data/midi_databases/lakh_clean\The_Verve\Bittersweet_Symphony.mid
[2024-08-27 16:07:42] [INFO ] Copied plagdet/data/midi_databases/lakh_clean\The_Verve\Bittersweet_Symphony.mid to plagdet/data/copyright_midis\476\lakh_clean_The_Verve_Bittersweet_Symphony_1.mid
[2024-08-27 16:07:42] [INFO ] Song ID: 476, Artist: The Verve, Title: Bittersweet Symphony, Match: plagdet/data/midi_databases/lakh_clean\The_Verve\Bitter_Sweet_Symphonie.mid
[2024-08-27 16:07:42] [INFO ] Copied plagdet/data/midi_databases/lakh_clean\The_Verve\Bitter_Sweet_Symphonie.mid to plagdet/data/copyright_midis\476\lakh_clean_The_Verve_Bittersweet_Symphony_2.mid
[2024-08-27 16:07:47] [INFO ] Song ID: 517, Artist: Led Zeppelin, Title: Stairway to Heaven, Match: plagdet/data/midi_databases/lakh_clean\Led_Zeppelin\Stairway_To_Heaven.1.mid
[2024-08-27 16:07:47] [INFO ] Copied plagdet/data/midi_databases/lakh_clean\Led_Zeppelin\Stairway_To_Heaven.1.mid to plagdet/data/copyright_midis\517\lakh_clean_Led_Zeppelin_Stairway_to_Heaven_1.mid
[2024-08-27 16:07:47] [INFO ] Song ID: 517, Artist: Led Zeppelin, Title: Stairway to Heaven, Match: plagdet/data/midi_databases/lakh_clean\Led_Zeppelin\Stairway_To_Heaven.10.mid
[2024-08-27 16:07:47] [INFO ] Copied plagdet/data/midi_databases/lakh_clean\Led_Zeppelin\Stairway_To_Heaven.10.mid to plagdet/data/copyright_midis\517\lakh_clean_Led_Zeppelin_Stairway_to_Heaven_2.mid
[2024-08-27 16:07:47] [INFO ] Song ID: 517, Artist: Led Zeppelin, Title: Stairway to Heaven, Match: plagdet/data/midi_databases/lakh_clean\Led_Zeppelin\Stairway_To_Heaven.11.mid
[2024-08-27 16:07:47] [INFO ] Copied plagdet/data/midi_databases/lakh_clean\Led_Zeppelin\Stairway_To_Heaven.11.mid to plagdet/data/copyright_midis\517\lakh_clean_Led_Zeppelin_Stairway_to_Heaven_3.mid
[2024-08-27 16:07:47] [INFO ] Song ID: 517, Artist: Led Zeppelin, Title: Stairway to Heaven, Match: plagdet/data/midi_databases/lakh_clean\Led_Zeppelin\Stairway_To_Heaven.2.mid
[2024-08-27 16:07:47] [INFO ] Copied plagdet/data/midi_databases/lakh_clean\Led_Zeppelin\Stairway_To_Heaven.2.mid to plagdet/data/copyright_midis\517\lakh_clean_Led_Zeppelin_Stairway_to_Heaven_4.mid
[2024-08-27 16:07:47] [INFO ] Song ID: 517, Artist: Led Zeppelin, Title: Stairway to Heaven, Match: plagdet/data/midi_databases/lakh_clean\Led_Zeppelin\Stairway_To_Heaven.3.mid
[2024-08-27 16:07:47] [INFO ] Copied plagdet/data/midi_databases/lakh_clean\Led_Zeppelin\Stairway_To_Heaven.3.mid to plagdet/data/copyright_midis\517\lakh_clean_Led_Zeppelin_Stairway_to_Heaven_5.mid
[2024-08-27 16:07:47] [INFO ] Song ID: 517, Artist: Led Zeppelin, Title: Stairway to Heaven, Match: plagdet/data/midi_databases/lakh_clean\Led_Zeppelin\Stairway_To_Heaven.4.mid
[2024-08-27 16:07:47] [INFO ] Copied plagdet/data/midi_databases/lakh_clean\Led_Zeppelin\Stairway_To_Heaven.4.mid to plagdet/data/copyright_midis\517\lakh_clean_Led_Zeppelin_Stairway_to_Heaven_6.mid
[2024-08-27 16:07:47] [INFO ] Song ID: 517, Artist: Led Zeppelin, Title: Stairway to Heaven, Match: plagdet/data/midi_databases/lakh_clean\Led_Zeppelin\Stairway_To_Heaven.5.mid
[2024-08-27 16:07:47] [INFO ] Copied plagdet/data/midi_databases/lakh_clean\Led_Zeppelin\Stairway_To_Heaven.5.mid to plagdet/data/copyright_midis\517\lakh_clean_Led_Zeppelin_Stairway_to_Heaven_7.mid
[2024-08-27 16:07:47] [INFO ] Song ID: 517, Artist: Led Zeppelin, Title: Stairway to Heaven, Match: plagdet/data/midi_databases/lakh_clean\Led_Zeppelin\Stairway_to_Heaven.6.mid
[2024-08-27 16:07:47] [INFO ] Copied plagdet/data/midi_databases/lakh_clean\Led_Zeppelin\Stairway_to_Heaven.6.mid to plagdet/data/copyright_midis\517\lakh_clean_Led_Zeppelin_Stairway_to_Heaven_8.mid
[2024-08-27 16:07:47] [INFO ] Song ID: 517, Artist: Led Zeppelin, Title: Stairway to Heaven, Match: plagdet/data/midi_databases/lakh_clean\Led_Zeppelin\Stairway_To_Heaven.7.mid
[2024-08-27 16:07:47] [INFO ] Copied plagdet/data/midi_databases/lakh_clean\Led_Zeppelin\Stairway_To_Heaven.7.mid to plagdet/data/copyright_midis\517\lakh_clean_Led_Zeppelin_Stairway_to_Heaven_9.mid
[2024-08-27 16:07:47] [INFO ] Song ID: 517, Artist: Led Zeppelin, Title: Stairway to Heaven, Match: plagdet/data/midi_databases/lakh_clean\Led_Zeppelin\Stairway_to_Heaven.8.mid
[2024-08-27 16:07:47] [INFO ] Copied plagdet/data/midi_databases/lakh_clean\Led_Zeppelin\Stairway_to_Heaven.8.mid to plagdet/data/copyright_midis\517\lakh_clean_Led_Zeppelin_Stairway_to_Heaven_10.mid
[2024-08-27 16:07:47] [INFO ] Song ID: 517, Artist: Led Zeppelin, Title: Stairway to Heaven, Match: plagdet/data/midi_databases/lakh_clean\Led_Zeppelin\Stairway_To_Heaven.9.mid
[2024-08-27 16:07:47] [INFO ] Copied plagdet/data/midi_databases/lakh_clean\Led_Zeppelin\Stairway_To_Heaven.9.mid to plagdet/data/copyright_midis\517\lakh_clean_Led_Zeppelin_Stairway_to_Heaven_11.mid
[2024-08-27 16:07:47] [INFO ] Song ID: 517, Artist: Led Zeppelin, Title: Stairway to Heaven, Match: plagdet/data/midi_databases/lakh_clean\Led_Zeppelin\Stairway_To_Heaven.mid
[2024-08-27 16:07:47] [INFO ] Copied plagdet/data/midi_databases/lakh_clean\Led_Zeppelin\Stairway_To_Heaven.mid to plagdet/data/copyright_midis\517\lakh_clean_Led_Zeppelin_Stairway_to_Heaven_12.mid
[2024-08-27 16:07:48] [INFO ] Song ID: 526, Artist: Toni Basil, Title: Mickey, Match: plagdet/data/midi_databases/lakh_clean\Toni_Basil\Mickey.mid
[2024-08-27 16:07:48] [INFO ] Copied plagdet/data/midi_databases/lakh_clean\Toni_Basil\Mickey.mid to plagdet/data/copyright_midis\526\lakh_clean_Toni_Basil_Mickey_1.mid
[2024-08-27 16:07:53] [INFO ] Song ID: 568, Artist: Rick Astley, Title: Never Gonna Give You Up, Match: plagdet/data/midi_databases/lakh_clean\Rick_Astley\Never_Gonna_Give_You_Up.mid
[2024-08-27 16:07:53] [INFO ] Copied plagdet/data/midi_databases/lakh_clean\Rick_Astley\Never_Gonna_Give_You_Up.mid to plagdet/data/copyright_midis\568\lakh_clean_Rick_Astley_Never_Gonna_Give_You_Up_1.mid
[2024-08-27 16:07:54] [INFO ] Finished searching lakh_clean
