[2024-08-28 11:12:25] [INFO ] Song ID: 91, Artist: The Chiffons, Title: He's So Fine, Match: 1963\4\1963_04_full.mid
[2024-08-28 11:12:25] [INFO ] Copied plagdet/data/midi_databases/bimmuda\1963\4\1963_04_full.mid to plagdet/data/copyright_midis\91\bimmuda_The_Chiffons_Hes_So_Fine_1.mid
[2024-08-28 11:12:26] [INFO ] Song ID: 151, Artist: Gilbert O'Sullivan, Title: Alone Again (Naturally), Match: 1972\2\1972_02_full.mid
[2024-08-28 11:12:26] [INFO ] Copied plagdet/data/midi_databases/bimmuda\1972\2\1972_02_full.mid to plagdet/data/copyright_midis\151\bimmuda_Gilbert_OSullivan_Alone_Again_Naturally_1.mid
[2024-08-28 11:12:26] [INFO ] Song ID: 270, Artist: 50 Cent, Title: In Da Club, Match: 2003\1\2003_01_full.mid
[2024-08-28 11:12:26] [INFO ] Copied plagdet/data/midi_databases/bimmuda\2003\1\2003_01_full.mid to plagdet/data/copyright_midis\270\bimmuda_50_Cent_In_Da_Club_1.mid
[2024-08-28 11:12:26] [INFO ] Song ID: 300, Artist: Men At Work, Title: Down Under, Match: 1983\4\1983_04_full.mid
[2024-08-28 11:12:26] [INFO ] Copied plagdet/data/midi_databases/bimmuda\1983\4\1983_04_full.mid to plagdet/data/copyright_midis\300\bimmuda_Men_At_Work_Down_Under_1.mid
[2024-08-28 11:12:27] [INFO ] Song ID: 310, Artist: Black Eyed Peas, Title: Boom Boom Pow, Match: 2009\1\2009_01_full.mid
[2024-08-28 11:12:27] [INFO ] Copied plagdet/data/midi_databases/bimmuda\2009\1\2009_01_full.mid to plagdet/data/copyright_midis\310\bimmuda_Black_Eyed_Peas_Boom_Boom_Pow_1.mid
[2024-08-28 11:12:27] [INFO ] Song ID: 312, Artist: Usher, Title: Burn, Match: 2004\2\2004_02_full.mid
[2024-08-28 11:12:27] [INFO ] Copied plagdet/data/midi_databases/bimmuda\2004\2\2004_02_full.mid to plagdet/data/copyright_midis\312\bimmuda_Usher_Burn_1.mid
[2024-08-28 11:12:27] [INFO ] Song ID: 346, Artist: Black Eyed Peas, Title: I Gotta Feeling, Match: 2009\4\2009_04_full.mid
[2024-08-28 11:12:27] [INFO ] Copied plagdet/data/midi_databases/bimmuda\2009\4\2009_04_full.mid to plagdet/data/copyright_midis\346\bimmuda_Black_Eyed_Peas_I_Gotta_Feeling_1.mid
[2024-08-28 11:12:27] [INFO ] Song ID: 383, Artist: Madonna, Title: Vogue, Match: 1990\5\1990_05_full.mid
[2024-08-28 11:12:27] [INFO ] Copied plagdet/data/midi_databases/bimmuda\1990\5\1990_05_full.mid to plagdet/data/copyright_midis\383\bimmuda_Madonna_Vogue_1.mid
[2024-08-28 11:12:27] [INFO ] Song ID: 410, Artist: Justin Bieber, Title: Sorry, Match: 2016\2\2016_02_full.mid
[2024-08-28 11:12:27] [INFO ] Copied plagdet/data/midi_databases/bimmuda\2016\2\2016_02_full.mid to plagdet/data/copyright_midis\410\bimmuda_Justin_Bieber_Sorry_1.mid
[2024-08-28 11:12:27] [INFO ] Song ID: 449, Artist: Robin Thicke & Pharrell Williams, Title: Blurred Lines, Match: 2013\2\2013_02_full.mid
[2024-08-28 11:12:27] [INFO ] Copied plagdet/data/midi_databases/bimmuda\2013\2\2013_02_full.mid to plagdet/data/copyright_midis\449\bimmuda_Robin_Thicke__Pharrell_Williams_Blurred_Lines_1.mid
[2024-08-28 11:12:28] [INFO ] Song ID: 521, Artist: Post Malone, Title: Circles, Match: 2020\2\2020_02_full.mid
[2024-08-28 11:12:28] [INFO ] Copied plagdet/data/midi_databases/bimmuda\2020\2\2020_02_full.mid to plagdet/data/copyright_midis\521\bimmuda_Post_Malone_Circles_1.mid
[2024-08-28 11:12:28] [INFO ] Song ID: 524, Artist: Marvin Gaye, Title: Let's Get It On, Match: 1973\4\1973_04_full.mid
[2024-08-28 11:12:28] [INFO ] Copied plagdet/data/midi_databases/bimmuda\1973\4\1973_04_full.mid to plagdet/data/copyright_midis\524\bimmuda_Marvin_Gaye_Lets_Get_It_On_1.mid
[2024-08-28 11:12:28] [INFO ] Song ID: 525, Artist: Ed Sheeran, Title: Thinking Out Loud, Match: 2015\2\2015_02_full.mid
[2024-08-28 11:12:28] [INFO ] Copied plagdet/data/midi_databases/bimmuda\2015\2\2015_02_full.mid to plagdet/data/copyright_midis\525\bimmuda_Ed_Sheeran_Thinking_Out_Loud_1.mid
[2024-08-28 11:12:28] [INFO ] Song ID: 532, Artist: Ed Sheeran, Title: Shape of You, Match: 2017\1\2017_01_full.mid
[2024-08-28 11:12:28] [INFO ] Copied plagdet/data/midi_databases/bimmuda\2017\1\2017_01_full.mid to plagdet/data/copyright_midis\532\bimmuda_Ed_Sheeran_Shape_of_You_1.mid
[2024-08-28 11:12:28] [INFO ] Song ID: 552, Artist: Dua Lipa, Title: Levitating, Match: 2021\1\2021_01_full.mid
[2024-08-28 11:12:28] [INFO ] Copied plagdet/data/midi_databases/bimmuda\2021\1\2021_01_full.mid to plagdet/data/copyright_midis\552\bimmuda_Dua_Lipa_Levitating_1.mid
[2024-08-28 11:12:28] [INFO ] Song ID: 568, Artist: Rick Astley, Title: Never Gonna Give You Up, Match: 1988\4\1988_04_full.mid
[2024-08-28 11:12:28] [INFO ] Copied plagdet/data/midi_databases/bimmuda\1988\4\1988_04_full.mid to plagdet/data/copyright_midis\568\bimmuda_Rick_Astley_Never_Gonna_Give_You_Up_1.mid
[2024-08-28 11:12:28] [INFO ] Song ID: 577, Artist: Roddy Ricch, Title: The Box, Match: 2020\3\2020_03_full.mid
[2024-08-28 11:12:28] [INFO ] Copied plagdet/data/midi_databases/bimmuda\2020\3\2020_03_full.mid to plagdet/data/copyright_midis\577\bimmuda_Roddy_Ricch_The_Box_1.mid
[2024-08-28 11:12:28] [INFO ] Finished searching bimmuda
